This is pdfTeX, Version 3.141592653-2.6-1.40.27 (TeX Live 2026/dev/Arch Linux) (preloaded format=pdflatex 2026.1.5)  28 JAN 2026 14:08
entering extended mode
 restricted \write18 enabled.
 file:line:error style messages enabled.
 %&-line parsing enabled.
**main.tex
(./main.tex
LaTeX2e <2024-11-01> patch level 2
L3 programming layer <2025-01-18>
(/usr/share/texmf-dist/tex/latex/base/article.cls
Document Class: article 2024/06/29 v1.4n Standard LaTeX document class
(/usr/share/texmf-dist/tex/latex/base/size10.clo
File: size10.clo 2024/06/29 v1.4n Standard LaTeX file (size option)
)
\c@part=\count196
\c@section=\count197
\c@subsection=\count198
\c@subsubsection=\count199
\c@paragraph=\count266
\c@subparagraph=\count267
\c@figure=\count268
\c@table=\count269
\abovecaptionskip=\skip49
\belowcaptionskip=\skip50
\bibindent=\dimen141
) (/usr/share/texmf-dist/tex/latex/graphics/graphicx.sty
Package: graphicx 2021/09/16 v1.2d Enhanced LaTeX Graphics (DPC,SPQR)
 (/usr/share/texmf-dist/tex/latex/graphics/keyval.sty
Package: keyval 2022/05/29 v1.15 key=value parser (DPC)
\KV@toks@=\toks17
) (/usr/share/texmf-dist/tex/latex/graphics/graphics.sty
Package: graphics 2024/08/06 v1.4g Standard LaTeX Graphics (DPC,SPQR)
 (/usr/share/texmf-dist/tex/latex/graphics/trig.sty
Package: trig 2023/12/02 v1.11 sin cos tan (DPC)
) (/usr/share/texmf-dist/tex/latex/graphics-cfg/graphics.cfg
File: graphics.cfg 2016/06/04 v1.11 sample graphics configuration
)
Package graphics Info: Driver file: pdftex.def on input line 106.
 (/usr/share/texmf-dist/tex/latex/graphics-def/pdftex.def
File: pdftex.def 2024/04/13 v1.2c Graphics/color driver for pdftex
))
\Gin@req@height=\dimen142
\Gin@req@width=\dimen143
) (/usr/share/texmf-dist/tex/latex/l3backend/l3backend-pdftex.def
File: l3backend-pdftex.def 2024-05-08 L3 backend support: PDF output (pdfTeX)
\l__color_backend_stack_int=\count270
\l__pdf_internal_box=\box52
) (./main.aux)
\openout1 = `main.aux'.

LaTeX Font Info:    Checking defaults for OML/cmm/m/it on input line 7.
LaTeX Font Info:    ... okay on input line 7.
LaTeX Font Info:    Checking defaults for OMS/cmsy/m/n on input line 7.
LaTeX Font Info:    ... okay on input line 7.
LaTeX Font Info:    Checking defaults for OT1/cmr/m/n on input line 7.
LaTeX Font Info:    ... okay on input line 7.
LaTeX Font Info:    Checking defaults for T1/cmr/m/n on input line 7.
LaTeX Font Info:    ... okay on input line 7.
LaTeX Font Info:    Checking defaults for TS1/cmr/m/n on input line 7.
LaTeX Font Info:    ... okay on input line 7.
LaTeX Font Info:    Checking defaults for OMX/cmex/m/n on input line 7.
LaTeX Font Info:    ... okay on input line 7.
LaTeX Font Info:    Checking defaults for U/cmr/m/n on input line 7.
LaTeX Font Info:    ... okay on input line 7.
 (/usr/share/texmf-dist/tex/context/base/mkii/supp-pdf.mkii
[Loading MPS to PDF converter (version 2006.09.02).]
\scratchcounter=\count271
\scratchdimen=\dimen144
\scratchbox=\box53
\nofMPsegments=\count272
\nofMParguments=\count273
\everyMPshowfont=\toks18
\MPscratchCnt=\count274
\MPscratchDim=\dimen145
\MPnumerator=\count275
\makeMPintoPDFobject=\count276
\everyMPtoPDFconversion=\toks19
) (/usr/share/texmf-dist/tex/latex/epstopdf-pkg/epstopdf-base.sty
Package: epstopdf-base 2020-01-24 v2.11 Base part for package epstopdf
Package epstopdf-base Info: Redefining graphics rule for `.eps' on input line 485.
 (/usr/share/texmf-dist/tex/latex/latexconfig/epstopdf-sys.cfg
File: epstopdf-sys.cfg 2010/07/13 v1.3 Configuration of (r)epstopdf for TeX Live
))
LaTeX Font Info:    External font `cmex10' loaded for size
(Font)              <12> on input line 8.
LaTeX Font Info:    External font `cmex10' loaded for size
(Font)              <8> on input line 8.
LaTeX Font Info:    External font `cmex10' loaded for size
(Font)              <6> on input line 8.
LaTeX Font Info:    External font `cmex10' loaded for size
(Font)              <7> on input line 14.
LaTeX Font Info:    External font `cmex10' loaded for size
(Font)              <5> on input line 14.

Underfull \hbox (badness 10000) in paragraph at lines 12--17

 []


Underfull \hbox (badness 10000) in paragraph at lines 12--17

 []


Underfull \hbox (badness 10000) in paragraph at lines 23--26

 []



[1

{/var/lib/texmf/fonts/map/pdftex/updmap/pdftex.map}]
Underfull \hbox (badness 10000) in paragraph at lines 40--42

 []

<../images/even-function.png, id=14, 803.0pt x 803.0pt>
File: ../images/even-function.png Graphic file (type png)
<use ../images/even-function.png>
Package pdftex.def Info: ../images/even-function.png  used on input line 43.
(pdftex.def)             Requested size: 160.59715pt x 160.59715pt.

Underfull \hbox (badness 10000) in paragraph at lines 48--50

 []

<../images/odd-function.png, id=16, 803.0pt x 803.0pt>
File: ../images/odd-function.png Graphic file (type png)
<use ../images/odd-function.png>
Package pdftex.def Info: ../images/odd-function.png  used on input line 51.
(pdftex.def)             Requested size: 160.59715pt x 160.59715pt.


[2 <../images/even-function.png>]
Underfull \hbox (badness 10000) in paragraph at lines 55--57

 []

<../images/neither-even-nor-odd-function.png, id=22, 803.0pt x 803.0pt>
File: ../images/neither-even-nor-odd-function.png Graphic file (type png)
<use ../images/neither-even-nor-odd-function.png>
Package pdftex.def Info: ../images/neither-even-nor-odd-function.png  used on input line 58.
(pdftex.def)             Requested size: 160.59715pt x 160.59715pt.

Underfull \hbox (badness 10000) in paragraph at lines 63--67

 []


Underfull \hbox (badness 10000) in paragraph at lines 63--67

 []


Underfull \hbox (badness 10000) in paragraph at lines 63--67

 []


Underfull \hbox (badness 10000) in paragraph at lines 69--71

 []



[3 <../images/odd-function.png> <../images/neither-even-nor-odd-function.png>]
<../images/non-injective-quadratic-function.png, id=28, 803.0pt x 803.0pt>
File: ../images/non-injective-quadratic-function.png Graphic file (type png)
<use ../images/non-injective-quadratic-function.png>
Package pdftex.def Info: ../images/non-injective-quadratic-function.png  used on input line 72.
(pdftex.def)             Requested size: 160.59715pt x 160.59715pt.

Underfull \hbox (badness 10000) in paragraph at lines 76--79

 []


Underfull \hbox (badness 10000) in paragraph at lines 76--79

 []


Underfull \hbox (badness 10000) in paragraph at lines 85--86

 []



[4 <../images/non-injective-quadratic-function.png>]
<../images/constant-parent-function.png, id=33, 803.0pt x 803.0pt>
File: ../images/constant-parent-function.png Graphic file (type png)
<use ../images/constant-parent-function.png>
Package pdftex.def Info: ../images/constant-parent-function.png  used on input line 104.
(pdftex.def)             Requested size: 160.59715pt x 160.59715pt.
<../images/linear-parent-function.png, id=34, 803.0pt x 803.0pt>
File: ../images/linear-parent-function.png Graphic file (type png)
<use ../images/linear-parent-function.png>
Package pdftex.def Info: ../images/linear-parent-function.png  used on input line 108.
(pdftex.def)             Requested size: 160.59715pt x 160.59715pt.


[5 <../images/constant-parent-function.png>]
<../images/quadratic-parent-function.png, id=39, 803.0pt x 803.0pt>
File: ../images/quadratic-parent-function.png Graphic file (type png)
<use ../images/quadratic-parent-function.png>
Package pdftex.def Info: ../images/quadratic-parent-function.png  used on input line 112.
(pdftex.def)             Requested size: 160.59715pt x 160.59715pt.
<../images/cubic-parent-function.png, id=40, 803.0pt x 803.0pt>
File: ../images/cubic-parent-function.png Graphic file (type png)
<use ../images/cubic-parent-function.png>
Package pdftex.def Info: ../images/cubic-parent-function.png  used on input line 116.
(pdftex.def)             Requested size: 160.59715pt x 160.59715pt.


[6 <../images/linear-parent-function.png> <../images/quadratic-parent-function.png>]
<../images/square-root-parent-function.png, id=46, 803.0pt x 803.0pt>
File: ../images/square-root-parent-function.png Graphic file (type png)
<use ../images/square-root-parent-function.png>
Package pdftex.def Info: ../images/square-root-parent-function.png  used on input line 120.
(pdftex.def)             Requested size: 160.59715pt x 160.59715pt.
<../images/cube-root-parent-function.png, id=47, 803.0pt x 803.0pt>
File: ../images/cube-root-parent-function.png Graphic file (type png)
<use ../images/cube-root-parent-function.png>
Package pdftex.def Info: ../images/cube-root-parent-function.png  used on input line 124.
(pdftex.def)             Requested size: 160.59715pt x 160.59715pt.


[7 <../images/cubic-parent-function.png> <../images/square-root-parent-function.png>]
<../images/absolute-value-parent-function.png, id=55, 803.0pt x 803.0pt>
File: ../images/absolute-value-parent-function.png Graphic file (type png)
<use ../images/absolute-value-parent-function.png>
Package pdftex.def Info: ../images/absolute-value-parent-function.png  used on input line 128.
(pdftex.def)             Requested size: 160.59715pt x 160.59715pt.
<../images/rational-parent-function.png, id=56, 803.0pt x 803.0pt>
File: ../images/rational-parent-function.png Graphic file (type png)
<use ../images/rational-parent-function.png>
Package pdftex.def Info: ../images/rational-parent-function.png  used on input line 132.
(pdftex.def)             Requested size: 160.59715pt x 160.59715pt.


[8 <../images/cube-root-parent-function.png> <../images/absolute-value-parent-function.png>]
<../images/exponential-parent-function.png, id=62, 803.0pt x 803.0pt>
File: ../images/exponential-parent-function.png Graphic file (type png)
<use ../images/exponential-parent-function.png>
Package pdftex.def Info: ../images/exponential-parent-function.png  used on input line 136.
(pdftex.def)             Requested size: 160.59715pt x 160.59715pt.
<../images/logarithmic-parent-function.png, id=63, 803.0pt x 803.0pt>
File: ../images/logarithmic-parent-function.png Graphic file (type png)
<use ../images/logarithmic-parent-function.png>
Package pdftex.def Info: ../images/logarithmic-parent-function.png  used on input line 140.
(pdftex.def)             Requested size: 160.59715pt x 160.59715pt.


[9 <../images/rational-parent-function.png> <../images/exponential-parent-function.png>]
Underfull \hbox (badness 10000) in paragraph at lines 150--153

 []


Underfull \hbox (badness 10000) in paragraph at lines 157--160

 []



[10 <../images/logarithmic-parent-function.png>]
Underfull \hbox (badness 10000) in paragraph at lines 171--172

 []


Underfull \hbox (badness 10000) in paragraph at lines 172--173

 []


Underfull \hbox (badness 10000) in paragraph at lines 173--174

 []


Underfull \hbox (badness 10000) in paragraph at lines 179--182

 []


Underfull \hbox (badness 10000) in paragraph at lines 184--191

 []


Underfull \hbox (badness 10000) in paragraph at lines 184--191

 []



[11]
Underfull \hbox (badness 10000) in paragraph at lines 202--204

 []


Underfull \hbox (badness 10000) in paragraph at lines 214--219

 []



[12]
Underfull \hbox (badness 10000) in paragraph at lines 246--247

 []


Underfull \hbox (badness 10000) in paragraph at lines 246--247

 []



[13]

[14] (./main.aux)
 ***********
LaTeX2e <2024-11-01> patch level 2
L3 programming layer <2025-01-18>
 ***********
 ) 
Here is how much of TeX's memory you used:
 1467 strings out of 475171
 27613 string characters out of 5767096
 409369 words of memory out of 5000000
 24502 multiletter control sequences out of 15000+600000
 562784 words of font info for 49 fonts, out of 8000000 for 9000
 14 hyphenation exceptions out of 8191
 57i,6n,65p,318b,199s stack positions out of 10000i,1000n,20000p,200000b,200000s
</usr/share/texmf-dist/fonts/type1/public/amsfonts/cm/cmbx12.pfb></usr/share/texmf-dist/fonts/type1/public/amsfonts/cm/cmex10.pfb></usr/share/texmf-dist/fonts/type1/public/amsfonts/cm/cmmi10.pfb></usr/share/texmf-dist/fonts/type1/public/amsfonts/cm/cmmi5.pfb></usr/share/texmf-dist/fonts/type1/public/amsfonts/cm/cmmi7.pfb></usr/share/texmf-dist/fonts/type1/public/amsfonts/cm/cmr10.pfb></usr/share/texmf-dist/fonts/type1/public/amsfonts/cm/cmr12.pfb></usr/share/texmf-dist/fonts/type1/public/amsfonts/cm/cmr17.pfb></usr/share/texmf-dist/fonts/type1/public/amsfonts/cm/cmr5.pfb></usr/share/texmf-dist/fonts/type1/public/amsfonts/cm/cmr7.pfb></usr/share/texmf-dist/fonts/type1/public/amsfonts/cm/cmsy10.pfb></usr/share/texmf-dist/fonts/type1/public/amsfonts/cm/cmsy7.pfb>
Output written on main.pdf (14 pages, 469258 bytes).
PDF statistics:
 139 PDF objects out of 1000 (max. 8388607)
 70 compressed objects within 1 object stream
 0 named destinations out of 1000 (max. 500000)
 71 words of extra memory for PDF output out of 10000 (max. 10000000)

